<?xml version="1.0" encoding="UTF-8"?>
<!-- Generated by org.testng.reporters.JUnitReportReporter -->
<testsuite hostname="Dhruvs-MBP" failures="0" tests="1" name="saen.com.stctv.KuwaitTests" time="7.773" errors="0" timestamp="2022-12-24T02:56:45 GST" skipped="0">
  <testcase classname="saen.com.stctv.KuwaitTests" name="BahrainTest" time="7.773"/>
  <system-out/>
</testsuite> <!-- saen.com.stctv.KuwaitTests -->
