<?xml version="1.0" encoding="UTF-8"?>
<!-- Generated by org.testng.reporters.JUnitReportReporter -->
<testsuite hostname="Dhruvs-MBP" failures="0" tests="3" name="pages.TestClass" time="103.133" errors="0" timestamp="2022-12-25T16:02:50 GST" skipped="0">
  <testcase classname="pages.TestClass" name="KuwaitValidation" time="35.044"/>
  <system-out/>
  <testcase classname="pages.TestClass" name="BahrainValidation" time="39.928"/>
  <system-out/>
  <testcase classname="pages.TestClass" name="ksaValidations" time="28.161"/>
  <system-out/>
</testsuite> <!-- pages.TestClass -->
