<?xml version="1.0" encoding="UTF-8"?>
<!-- Generated by org.testng.reporters.JUnitReportReporter -->
<testsuite hostname="Dhruvs-MBP" failures="0" tests="1" name="saen.com.stctv.KSATests" time="1.511" errors="0" timestamp="2022-12-24T02:56:45 GST" skipped="0">
  <testcase classname="saen.com.stctv.KSATests" name="KSATest" time="1.511"/>
  <system-out/>
</testsuite> <!-- saen.com.stctv.KSATests -->
