<?xml version="1.0" encoding="UTF-8"?>
<!-- Generated by org.testng.reporters.JUnitReportReporter -->
<testsuite hostname="Dhruvs-MBP" failures="0" tests="1" name="saen.com.stctv.LandingPageTests" time="0.953" errors="0" timestamp="2022-12-23T23:23:37 GST" skipped="0">
  <testcase classname="saen.com.stctv.LandingPageTests" name="KSATests" time="0.953"/>
  <system-out/>
</testsuite> <!-- saen.com.stctv.LandingPageTests -->
