<?xml version="1.0" encoding="UTF-8"?>
<!-- Generated by org.testng.reporters.JUnitReportReporter -->
<testsuite hostname="Dhruvs-MBP" failures="0" tests="3" name="pages.TestClass" time="99.326" errors="0" timestamp="2022-12-25T20:16:25 GST" skipped="0">
  <testcase classname="pages.TestClass" name="ksaValidations" time="28.195"/>
  <system-out/>
  <testcase classname="pages.TestClass" name="BahrainValidation" time="35.980"/>
  <system-out/>
  <testcase classname="pages.TestClass" name="KuwaitValidation" time="35.151"/>
  <system-out/>
</testsuite> <!-- pages.TestClass -->
