<?xml version="1.0" encoding="UTF-8"?>
<!-- Generated by org.testng.reporters.JUnitReportReporter -->
<testsuite hostname="Dhruvs-MBP" failures="0" tests="1" name="saen.com.stctv.LandingPageTests" time="27.873" errors="0" timestamp="2022-12-23T21:54:04 GST" skipped="0">
  <testcase classname="saen.com.stctv.LandingPageTests" name="landingPageTest" time="27.873"/>
  <system-out/>
</testsuite> <!-- saen.com.stctv.LandingPageTests -->
